2024-02-20_18:08:35 INFO: Running tileseqMave version 1.3.0
2024-02-20_18:08:35 INFO: Reading parameters from /home/rothlab/jweile/tileseq/CBS/2024_rerun/parameters.json
2024-02-20_18:08:35 WARNING: Duplicated Sample IDs!!
 The following samples are used multiple times:  526015, 526018
2024-02-20_18:08:35 INFO: Using count directory /home/rothlab/jweile/tileseq/CBS/2024_rerun/CBS-tileseq_2024-02-16-10-52-45//CBS-tileseq_2024-02-16-15-15-15_mut_count/ score directory /home/rothlab/jweile/tileseq/CBS/2024_rerun/CBS-tileseq_2024-02-16-10-52-45//CBS-tileseq_2024-02-16-15-15-15_scores/ and output directory /home/rothlab/jweile/tileseq/CBS/2024_rerun/CBS-tileseq_2024-02-16-10-52-45//CBS-tileseq_2024-02-16-15-15-15_QC/
2024-02-20_18:08:35 INFO: Reading count data
2024-02-20_18:08:39 INFO: Processing condition s0b526 ; time 1
2024-02-20_18:08:39 INFO: Plotting score distributions
2024-02-20_18:08:41 INFO: Plotting log(phi) bias
2024-02-20_18:08:42 INFO: Plotting filter progression
2024-02-20_18:08:46 INFO: Plotting codon agreement
2024-02-20_18:08:48 INFO: Plotting synonymous-nonsense deltas
2024-02-20_18:08:49 INFO: Plotting replicate correlations
2024-02-20_18:08:49 INFO: Visualizing regularization model fits
2024-02-20_18:08:52 INFO: Plotting error profile
2024-02-20_18:08:52 INFO: Processing condition s0b818 ; time 1
2024-02-20_18:08:53 INFO: Plotting score distributions
2024-02-20_18:08:55 INFO: Plotting log(phi) bias
2024-02-20_18:08:57 INFO: Plotting filter progression
2024-02-20_18:09:01 INFO: Plotting codon agreement
2024-02-20_18:09:02 INFO: Plotting synonymous-nonsense deltas
2024-02-20_18:09:03 INFO: Plotting replicate correlations
2024-02-20_18:09:03 INFO: Visualizing regularization model fits
2024-02-20_18:09:05 FATAL: Error in plot.window(...) : need finite 'ylim' values
Calls: selectionQC ... eval -> plot -> plot.default -> localWindow -> plot.window
 
 
2024-02-21_16:50:49 INFO: Running tileseqMave version 1.3.0
2024-02-21_16:50:49 INFO: Reading parameters from /home/rothlab/jweile/tileseq/CBS/2024_rerun/parameters.json
2024-02-21_16:50:49 WARNING: Duplicated Sample IDs!!
 The following samples are used multiple times:  526015, 526018
2024-02-21_16:50:49 INFO: Using count directory /home/rothlab/jweile/tileseq/CBS/2024_rerun/CBS-tileseq_2024-02-16-10-52-45//CBS-tileseq_2024-02-16-15-15-15_mut_count/ score directory /home/rothlab/jweile/tileseq/CBS/2024_rerun/CBS-tileseq_2024-02-16-10-52-45//CBS-tileseq_2024-02-16-15-15-15_scores/ and output directory /home/rothlab/jweile/tileseq/CBS/2024_rerun/CBS-tileseq_2024-02-16-10-52-45//CBS-tileseq_2024-02-16-15-15-15_QC/
2024-02-21_16:50:49 INFO: Reading count data
2024-02-21_16:50:53 INFO: Processing condition s0b526 ; time 1
2024-02-21_16:50:53 INFO: Plotting score distributions
2024-02-21_16:50:55 INFO: Plotting log(phi) bias
2024-02-21_16:50:56 INFO: Plotting filter progression
2024-02-21_16:51:00 INFO: Plotting codon agreement
2024-02-21_16:51:02 INFO: Plotting synonymous-nonsense deltas
2024-02-21_16:51:03 INFO: Plotting replicate correlations
2024-02-21_16:51:03 INFO: Visualizing regularization model fits
2024-02-21_16:51:06 INFO: Plotting error profile
2024-02-21_16:51:06 INFO: Processing condition s0b818 ; time 1
2024-02-21_16:51:07 INFO: Plotting score distributions
2024-02-21_16:51:09 INFO: Plotting log(phi) bias
2024-02-21_16:51:10 INFO: Plotting filter progression
2024-02-21_16:51:14 INFO: Plotting codon agreement
2024-02-21_16:51:16 INFO: Plotting synonymous-nonsense deltas
2024-02-21_16:51:17 INFO: Plotting replicate correlations
2024-02-21_16:51:17 INFO: Visualizing regularization model fits
2024-02-21_16:51:20 INFO: Plotting error profile
2024-02-21_16:51:20 INFO: Processing condition s1b607 ; time 1
2024-02-21_16:51:21 INFO: Plotting score distributions
2024-02-21_16:51:23 INFO: Plotting log(phi) bias
2024-02-21_16:51:24 INFO: Plotting filter progression
2024-02-21_16:51:28 INFO: Plotting codon agreement
2024-02-21_16:51:29 INFO: Plotting synonymous-nonsense deltas
2024-02-21_16:51:30 INFO: Plotting replicate correlations
2024-02-21_16:51:30 INFO: Visualizing regularization model fits
2024-02-21_16:51:33 INFO: Plotting error profile
2024-02-21_16:51:33 INFO: Processing condition s1b818 ; time 1
2024-02-21_16:51:34 INFO: Plotting score distributions
2024-02-21_16:51:36 INFO: Plotting log(phi) bias
2024-02-21_16:51:37 INFO: Plotting filter progression
2024-02-21_16:51:41 INFO: Plotting codon agreement
2024-02-21_16:51:43 INFO: Plotting synonymous-nonsense deltas
2024-02-21_16:51:44 INFO: Plotting replicate correlations
2024-02-21_16:51:44 INFO: Visualizing regularization model fits
2024-02-21_16:51:47 INFO: Plotting error profile
2024-02-21_16:51:47 INFO: Processing condition s400b607 ; time 1
2024-02-21_16:51:47 INFO: Plotting score distributions
2024-02-21_16:51:50 INFO: Plotting log(phi) bias
2024-02-21_16:51:51 INFO: Plotting filter progression
2024-02-21_16:51:54 INFO: Plotting codon agreement
2024-02-21_16:51:55 INFO: Plotting synonymous-nonsense deltas
2024-02-21_16:51:56 INFO: Plotting replicate correlations
2024-02-21_16:51:56 INFO: Visualizing regularization model fits
2024-02-21_16:51:59 INFO: Plotting error profile
2024-02-21_16:51:59 INFO: Processing condition s400b818 ; time 1
2024-02-21_16:52:00 INFO: Plotting score distributions
2024-02-21_16:52:02 INFO: Plotting log(phi) bias
2024-02-21_16:52:03 INFO: Plotting filter progression
2024-02-21_16:52:06 INFO: Plotting codon agreement
2024-02-21_16:52:08 INFO: Plotting synonymous-nonsense deltas
2024-02-21_16:52:09 INFO: Plotting replicate correlations
2024-02-21_16:52:09 INFO: Visualizing regularization model fits
2024-02-21_16:52:12 INFO: Plotting error profile
