2023-07-31_11:11:18 WARNING: No predictor orders provided, assuming ascending for each...
2023-07-31_11:11:18 FATAL: Error in if (xs[[i]] < xs[[i - 1]]) { : 
  missing value where TRUE/FALSE needed
Calls: lapply ... plot.default -> xy.coords -> ppv -> configure.prec -> monotonize
 
 
2023-07-31_11:21:11 WARNING: No predictor orders provided, assuming ascending for each...
2023-07-31_11:21:11 FATAL: Error in if (xs[[i]] < xs[[i - 1]]) { : 
  missing value where TRUE/FALSE needed
Calls: lapply ... plot.default -> xy.coords -> ppv -> configure.prec -> monotonize
 
 
2023-07-31_11:26:43 WARNING: No predictor orders provided, assuming ascending for each...
2023-07-31_11:26:43 FATAL: Error in if (xs[[i]] < xs[[i - 1]]) { : 
  missing value where TRUE/FALSE needed
Calls: lapply ... plot.default -> xy.coords -> ppv -> configure.prec -> monotonize
 
 
2023-07-31_12:27:42 FATAL: Error in if (!is.na(args$predictors)) { : the condition has length > 1
 
 stopifnot(inherits(logger, "yogilogger"))
	--> registerLogErrorHandler(logger)
2023-07-31_13:43:39 FATAL: Error in file(file, "rt") : cannot open the connection
 
 
2023-07-31_13:44:34 FATAL: Error in file(file, "rt") : cannot open the connection
 
 
2023-07-31_14:04:15 WARNING: No predictor names provided. Using numbers instead...
2023-07-31_14:04:43 WARNING: No predictor names provided. Using numbers instead...
2023-07-31_14:05:07 WARNING: No predictor names provided. Using numbers instead...
2023-07-31_14:09:30 WARNING: No predictor names provided. Using numbers instead...
2023-07-31_14:17:13 WARNING: No predictor names provided. Using numbers instead...
2023-07-31_14:18:17 WARNING: No predictor names provided. Using numbers instead...
2023-07-31_14:19:01 WARNING: No predictor names provided. Using numbers instead...
2023-07-31_14:25:19 WARNING: No predictor names provided. Using numbers instead...
2023-07-31_14:25:30 WARNING: No predictor names provided. Using numbers instead...
2023-07-31_14:30:01 WARNING: No predictor names provided. Using numbers instead...
2023-07-31_14:32:55 WARNING: No predictor names provided. Using numbers instead...
2023-07-31_14:38:48 WARNING: No predictor names provided. Using numbers instead...
2023-07-31_14:41:14 WARNING: No predictor names provided. Using numbers instead...
2023-07-31_14:42:14 WARNING: No predictor orders provided, assuming ascending for each...
2023-07-31_14:42:28 WARNING: No predictor names provided. Using numbers instead...
2023-07-31_14:42:28 WARNING: No predictor orders provided, assuming ascending for each...
2023-07-31_14:43:07 WARNING: No predictor names provided. Using numbers instead...
2023-07-31_14:43:07 WARNING: No predictor orders provided, assuming ascending for each...
2023-07-31_14:44:43 WARNING: No predictor names provided. Using numbers instead...
2023-07-31_14:44:43 WARNING: No predictor orders provided, assuming ascending for each...
2023-07-31_14:57:46 WARNING: No predictor names provided. Using numbers instead...
2023-07-31_14:57:46 WARNING: No predictor orders provided, assuming ascending for each...
2023-07-31_15:04:59 WARNING: No predictor names provided. Using numbers instead...
2023-07-31_15:04:59 WARNING: No predictor orders provided, assuming ascending for each...
2023-07-31_15:05:11 WARNING: No predictor names provided. Using numbers instead...
2023-07-31_15:05:11 WARNING: No predictor orders provided, assuming ascending for each...
2023-07-31_15:05:49 WARNING: No predictor names provided. Using numbers instead...
2023-07-31_15:05:49 WARNING: No predictor orders provided, assuming ascending for each...
2023-07-31_15:07:16 WARNING: No predictor names provided. Using numbers instead...
2023-07-31_15:07:16 WARNING: No predictor orders provided, assuming ascending for each...
2023-07-31_15:10:03 WARNING: No predictor names provided. Using numbers instead...
2023-07-31_15:10:03 WARNING: No predictor orders provided, assuming ascending for each...
2023-07-31_15:10:29 WARNING: No predictor names provided. Using numbers instead...
2023-07-31_15:10:29 WARNING: No predictor orders provided, assuming ascending for each...
2023-07-31_15:19:08 WARNING: No predictor names provided. Using numbers instead...
2023-07-31_15:19:08 WARNING: No predictor orders provided, assuming ascending for each...
2023-07-31_15:19:13 WARNING: No predictor names provided. Using numbers instead...
2023-07-31_15:19:13 WARNING: No predictor orders provided, assuming ascending for each...
2023-07-31_15:19:54 WARNING: No predictor names provided. Using numbers instead...
2023-07-31_15:19:54 WARNING: No predictor orders provided, assuming ascending for each...
2023-07-31_15:31:58 WARNING: No predictor names provided. Using numbers instead...
2023-07-31_15:31:58 WARNING: No predictor orders provided, assuming ascending for each...
2023-07-31_15:41:57 WARNING: No predictor names provided. Using numbers instead...
2023-07-31_15:41:57 WARNING: No predictor orders provided, assuming ascending for each...
